# JRE version: Java(TM) SE Runtime Environment (8.0_144-b01) (build 1.8.0_144-b01)
# Java VM: Java HotSpot(TM) 64-Bit Server VM (25.144-b01 mixed mode bsd-amd64 compressed oops)
Heap:
 PSYoungGen      total 151040K, used 17164K [0x0000000795580000, 0x00000007a1300000, 0x00000007c0000000)
  eden space 129024K, 4% used [0x0000000795580000,0x0000000795b8f300,0x000000079d380000)
  from space 22016K, 49% used [0x000000079d380000,0x000000079de34030,0x000000079e900000)
  to   space 20992K, 0% used [0x000000079fe80000,0x000000079fe80000,0x00000007a1300000)
 ParOldGen       total 50688K, used 33057K [0x0000000740000000, 0x0000000743180000, 0x0000000795580000)
  object space 50688K, 65% used [0x0000000740000000,0x00000007420485a8,0x0000000743180000)
 Metaspace       used 17197K, capacity 17844K, committed 17920K, reserved 1064960K
  class space    used 2125K, capacity 2303K, committed 2304K, reserved 1048576K
GC Heap History (10 events):
Event: 84.342 GC heap before
{Heap before GC invocations=51 (full 4):
 PSYoungGen      total 112640K, used 105646K [0x0000000795580000, 0x000000079da00000, 0x00000007c0000000)
  eden space 92672K, 98% used [0x0000000795580000,0x000000079ae73aa8,0x000000079b000000)
  from space 19968K, 72% used [0x000000079c680000,0x000000079d4b8040,0x000000079da00000)
  to   space 21504K, 0% used [0x000000079b000000,0x000000079b000000,0x000000079c500000)
 ParOldGen       total 50688K, used 14937K [0x0000000740000000, 0x0000000743180000, 0x0000000795580000)
  object space 50688K, 29% used [0x0000000740000000,0x0000000740e96558,0x0000000743180000)
 Metaspace       used 17194K, capacity 17844K, committed 17920K, reserved 1064960K
  class space    used 2125K, capacity 2303K, committed 2304K, reserved 1048576K
Event: 84.346 GC heap after
Heap after GC invocations=51 (full 4):
 PSYoungGen      total 114176K, used 14560K [0x0000000795580000, 0x000000079ec80000, 0x00000007c0000000)
  eden space 92672K, 0% used [0x0000000795580000,0x0000000795580000,0x000000079b000000)
  from space 21504K, 67% used [0x000000079b000000,0x000000079be38040,0x000000079c500000)
  to   space 22528K, 0% used [0x000000079d680000,0x000000079d680000,0x000000079ec80000)
 ParOldGen       total 50688K, used 18561K [0x0000000740000000, 0x0000000743180000, 0x0000000795580000)
  object space 50688K, 36% used [0x0000000740000000,0x0000000741220568,0x0000000743180000)
 Metaspace       used 17194K, capacity 17844K, committed 17920K, reserved 1064960K
  class space    used 2125K, capacity 2303K, committed 2304K, reserved 1048576K
}
Event: 84.673 GC heap before
{Heap before GC invocations=52 (full 4):
 PSYoungGen      total 114176K, used 104723K [0x0000000795580000, 0x000000079ec80000, 0x00000007c0000000)
  eden space 92672K, 97% used [0x0000000795580000,0x000000079ad8cda0,0x000000079b000000)
  from space 21504K, 67% used [0x000000079b000000,0x000000079be38040,0x000000079c500000)
  to   space 22528K, 0% used [0x000000079d680000,0x000000079d680000,0x000000079ec80000)
 ParOldGen       total 50688K, used 18561K [0x0000000740000000, 0x0000000743180000, 0x0000000795580000)
  object space 50688K, 36% used [0x0000000740000000,0x0000000741220568,0x0000000743180000)
 Metaspace       used 17194K, capacity 17844K, committed 17920K, reserved 1064960K
  class space    used 2125K, capacity 2303K, committed 2304K, reserved 1048576K
Event: 84.679 GC heap after
Heap after GC invocations=52 (full 4):
 PSYoungGen      total 131072K, used 10960K [0x0000000795580000, 0x000000079eb00000, 0x00000007c0000000)
  eden space 110080K, 0% used [0x0000000795580000,0x0000000795580000,0x000000079c100000)
  from space 20992K, 52% used [0x000000079d680000,0x000000079e134030,0x000000079eb00000)
  to   space 21504K, 0% used [0x000000079c100000,0x000000079c100000,0x000000079d600000)
 ParOldGen       total 50688K, used 22177K [0x0000000740000000, 0x0000000743180000, 0x0000000795580000)
  object space 50688K, 43% used [0x0000000740000000,0x00000007415a8578,0x0000000743180000)
 Metaspace       used 17194K, capacity 17844K, committed 17920K, reserved 1064960K
  class space    used 2125K, capacity 2303K, committed 2304K, reserved 1048576K
}
Event: 85.070 GC heap before
{Heap before GC invocations=53 (full 4):
 PSYoungGen      total 131072K, used 119384K [0x0000000795580000, 0x000000079eb00000, 0x00000007c0000000)
  eden space 110080K, 98% used [0x0000000795580000,0x000000079bf62058,0x000000079c100000)
  from space 20992K, 52% used [0x000000079d680000,0x000000079e134030,0x000000079eb00000)
  to   space 21504K, 0% used [0x000000079c100000,0x000000079c100000,0x000000079d600000)
 ParOldGen       total 50688K, used 22177K [0x0000000740000000, 0x0000000743180000, 0x0000000795580000)
  object space 50688K, 43% used [0x0000000740000000,0x00000007415a8578,0x0000000743180000)
 Metaspace       used 17194K, capacity 17844K, committed 17920K, reserved 1064960K
  class space    used 2125K, capacity 2303K, committed 2304K, reserved 1048576K
Event: 85.073 GC heap after
Heap after GC invocations=53 (full 4):
 PSYoungGen      total 131584K, used 10960K [0x0000000795580000, 0x000000079fd80000, 0x00000007c0000000)
  eden space 110080K, 0% used [0x0000000795580000,0x0000000795580000,0x000000079c100000)
  from space 21504K, 50% used [0x000000079c100000,0x000000079cbb4030,0x000000079d600000)
  to   space 20992K, 0% used [0x000000079e900000,0x000000079e900000,0x000000079fd80000)
 ParOldGen       total 50688K, used 25801K [0x0000000740000000, 0x0000000743180000, 0x0000000795580000)
  object space 50688K, 50% used [0x0000000740000000,0x0000000741932588,0x0000000743180000)
 Metaspace       used 17194K, capacity 17844K, committed 17920K, reserved 1064960K
  class space    used 2125K, capacity 2303K, committed 2304K, reserved 1048576K
}
Event: 85.497 GC heap before
{Heap before GC invocations=54 (full 4):
 PSYoungGen      total 131584K, used 119386K [0x0000000795580000, 0x000000079fd80000, 0x00000007c0000000)
  eden space 110080K, 98% used [0x0000000795580000,0x000000079bf62af8,0x000000079c100000)
  from space 21504K, 50% used [0x000000079c100000,0x000000079cbb4030,0x000000079d600000)
  to   space 20992K, 0% used [0x000000079e900000,0x000000079e900000,0x000000079fd80000)
 ParOldGen       total 50688K, used 25801K [0x0000000740000000, 0x0000000743180000, 0x0000000795580000)
  object space 50688K, 50% used [0x0000000740000000,0x0000000741932588,0x0000000743180000)
 Metaspace       used 17194K, capacity 17844K, committed 17920K, reserved 1064960K
  class space    used 2125K, capacity 2303K, committed 2304K, reserved 1048576K
Event: 85.505 GC heap after
Heap after GC invocations=54 (full 4):
 PSYoungGen      total 150016K, used 14560K [0x0000000795580000, 0x00000007a0000000, 0x00000007c0000000)
  eden space 129024K, 0% used [0x0000000795580000,0x0000000795580000,0x000000079d380000)
  from space 20992K, 69% used [0x000000079e900000,0x000000079f738040,0x000000079fd80000)
  to   space 22016K, 0% used [0x000000079d380000,0x000000079d380000,0x000000079e900000)
 ParOldGen       total 50688K, used 29425K [0x0000000740000000, 0x0000000743180000, 0x0000000795580000)
  object space 50688K, 58% used [0x0000000740000000,0x0000000741cbc598,0x0000000743180000)
 Metaspace       used 17194K, capacity 17844K, committed 17920K, reserved 1064960K
  class space    used 2125K, capacity 2303K, committed 2304K, reserved 1048576K
}
Event: 85.959 GC heap before
{Heap before GC invocations=55 (full 4):
 PSYoungGen      total 150016K, used 141382K [0x0000000795580000, 0x00000007a0000000, 0x00000007c0000000)
  eden space 129024K, 98% used [0x0000000795580000,0x000000079d1598d0,0x000000079d380000)
  from space 20992K, 69% used [0x000000079e900000,0x000000079f738040,0x000000079fd80000)
  to   space 22016K, 0% used [0x000000079d380000,0x000000079d380000,0x000000079e900000)
 ParOldGen       total 50688K, used 29425K [0x0000000740000000, 0x0000000743180000, 0x0000000795580000)
  object space 50688K, 58% used [0x0000000740000000,0x0000000741cbc598,0x0000000743180000)
 Metaspace       used 17195K, capacity 17844K, committed 17920K, reserved 1064960K
  class space    used 2125K, capacity 2303K, committed 2304K, reserved 1048576K
Event: 85.963 GC heap after
Heap after GC invocations=55 (full 4):
 PSYoungGen      total 151040K, used 10960K [0x0000000795580000, 0x00000007a1300000, 0x00000007c0000000)
  eden space 129024K, 0% used [0x0000000795580000,0x0000000795580000,0x000000079d380000)
  from space 22016K, 49% used [0x000000079d380000,0x000000079de34030,0x000000079e900000)
  to   space 20992K, 0% used [0x000000079fe80000,0x000000079fe80000,0x00000007a1300000)
 ParOldGen       total 50688K, used 33057K [0x0000000740000000, 0x0000000743180000, 0x0000000795580000)
  object space 50688K, 65% used [0x0000000740000000,0x00000007420485a8,0x0000000743180000)
 Metaspace       used 17195K, capacity 17844K, committed 17920K, reserved 1064960K
  class space    used 2125K, capacity 2303K, committed 2304K, reserved 1048576K
}

